2015-06-29 16:05:21,143  WARN [ModalContext] - ScalaProject - Project example has platform default sourceLevel.
2015-06-29 16:05:21,145  WARN [ModalContext] - ScalaProject - Project example runs on platform default installation.
2015-06-29 16:05:21,168  WARN [ModalContext] - ScalaProject - Project example has platform default sourceLevel.
2015-06-29 16:05:21,168  WARN [ModalContext] - ScalaProject - Project example runs on platform default installation.
2015-06-29 16:05:24,203  WARN [ModalContext] - ScalaProject - Project recfun has platform default sourceLevel.
2015-06-29 16:05:24,203  WARN [ModalContext] - ScalaProject - Project recfun runs on platform default installation.
2015-06-29 16:05:24,204  WARN [ModalContext] - ScalaProject - Project recfun has platform default sourceLevel.
2015-06-29 16:05:24,204  WARN [ModalContext] - ScalaProject - Project recfun runs on platform default installation.
2015-06-29 16:05:26,187  WARN [ModalContext] - ScalaProject - Project example has platform default sourceLevel.
2015-06-29 16:05:26,187  WARN [ModalContext] - ScalaProject - Project example runs on platform default installation.
2015-06-29 16:05:26,543  WARN [ModalContext] - ScalaProject - Project recfun has platform default sourceLevel.
2015-06-29 16:05:26,544  WARN [ModalContext] - ScalaProject - Project recfun runs on platform default installation.
2015-06-29 16:05:28,429  WARN [Worker-1] - ScalaProject - Project recfun has platform default sourceLevel.
2015-06-29 16:05:28,430  WARN [Worker-1] - ScalaProject - Project recfun runs on platform default installation.
2015-06-29 16:05:28,690  WARN [main] - org.scala-ide.sdt.core - org.scala-ide.sdt.core - org.scala-ide.sdt.core - 0 - Preference scala.compiler.sourceLevel was uninitialized for recfun, setting default to 2.11.
2015-06-29 16:05:28,690  WARN [main] - org.scala-ide.sdt.core - org.scala-ide.sdt.core - org.scala-ide.sdt.core - 0 - Preference scala.compiler.installation was uninitialized for recfun, setting default to 2.11.
2015-06-29 16:06:41,107 ERROR [Worker-2] - System.err - SLF4J: Failed to load class "org.slf4j.impl.StaticLoggerBinder".
2015-06-29 16:06:41,107 ERROR [Worker-2] - System.err - SLF4J: Defaulting to no-operation (NOP) logger implementation
2015-06-29 16:06:41,107 ERROR [Worker-2] - System.err - SLF4J: See http://www.slf4j.org/codes.html#StaticLoggerBinder for further details.
2015-06-29 16:21:41,949  WARN [main] - org.scala-ide.sdt.core - org.scala-ide.sdt.core - org.scala-ide.sdt.core - 0 - Preference scala.compiler.sourceLevel was uninitialized for recfun, setting default to 2.11.
2015-06-29 16:21:41,974  WARN [main] - org.scala-ide.sdt.core - org.scala-ide.sdt.core - org.scala-ide.sdt.core - 0 - Preference scala.compiler.installation was uninitialized for recfun, setting default to 2.11.
2015-06-29 16:22:25,272 ERROR [Worker-2] - System.err - SLF4J: Failed to load class "org.slf4j.impl.StaticLoggerBinder".
2015-06-29 16:22:25,273 ERROR [Worker-2] - System.err - SLF4J: Defaulting to no-operation (NOP) logger implementation
2015-06-29 16:22:25,273 ERROR [Worker-2] - System.err - SLF4J: See http://www.slf4j.org/codes.html#StaticLoggerBinder for further details.
2015-06-29 16:35:37,261  WARN [ModalContext] - ScalaProject - Project progfun-example has platform default sourceLevel.
2015-06-29 16:35:37,343  WARN [ModalContext] - ScalaProject - Project progfun-example runs on platform default installation.
2015-06-29 16:35:57,482  WARN [ModalContext] - ScalaProject - Project progfun-example has platform default sourceLevel.
2015-06-29 16:35:57,483  WARN [ModalContext] - ScalaProject - Project progfun-example runs on platform default installation.
2015-06-29 16:35:57,483  WARN [ModalContext] - ScalaProject - Project progfun-example has platform default sourceLevel.
2015-06-29 16:35:57,483  WARN [ModalContext] - ScalaProject - Project progfun-example runs on platform default installation.
2015-06-29 16:35:57,711  WARN [ModalContext] - ScalaProject - Project progfun-example has platform default sourceLevel.
2015-06-29 16:35:57,711  WARN [ModalContext] - ScalaProject - Project progfun-example runs on platform default installation.
2015-06-29 16:42:20,138  WARN [main] - org.scala-ide.sdt.core - org.scala-ide.sdt.core - org.scala-ide.sdt.core - 0 - Preference scala.compiler.sourceLevel was uninitialized for example, setting default to 2.11.
2015-06-29 16:42:20,146  WARN [main] - org.scala-ide.sdt.core - org.scala-ide.sdt.core - org.scala-ide.sdt.core - 0 - Preference scala.compiler.installation was uninitialized for example, setting default to 2.11.
2015-06-29 16:48:37,159 ERROR [Worker-1] - System.err - SLF4J: Failed to load class "org.slf4j.impl.StaticLoggerBinder".
2015-06-29 16:48:37,170 ERROR [Worker-1] - System.err - SLF4J: Defaulting to no-operation (NOP) logger implementation
2015-06-29 16:48:37,171 ERROR [Worker-1] - System.err - SLF4J: See http://www.slf4j.org/codes.html#StaticLoggerBinder for further details.
2015-06-29 16:54:14,696  WARN [main] - org.scala-ide.sdt.core - org.scala-ide.sdt.core - org.scala-ide.sdt.core - 0 - Preference scala.compiler.sourceLevel was uninitialized for example, setting default to 2.11.
2015-06-29 16:54:14,719  WARN [main] - org.scala-ide.sdt.core - org.scala-ide.sdt.core - org.scala-ide.sdt.core - 0 - Preference scala.compiler.installation was uninitialized for example, setting default to 2.11.
2015-06-29 16:54:26,620  WARN [ModalContext] - ScalaProject - Project example has platform default sourceLevel.
2015-06-29 16:54:26,621  WARN [ModalContext] - ScalaProject - Project example runs on platform default installation.
2015-06-29 17:01:24,632  WARN [main] - org.scala-ide.sdt.core - org.scala-ide.sdt.core - org.scala-ide.sdt.core - 0 - Preference scala.compiler.sourceLevel was uninitialized for recfun, setting default to 2.11.
2015-06-29 17:01:24,633  WARN [main] - org.scala-ide.sdt.core - org.scala-ide.sdt.core - org.scala-ide.sdt.core - 0 - Preference scala.compiler.installation was uninitialized for recfun, setting default to 2.11.
2015-06-29 17:01:40,069  WARN [ModalContext] - ScalaProject - Project example has platform default sourceLevel.
2015-06-29 17:01:40,069  WARN [ModalContext] - ScalaProject - Project example runs on platform default installation.
2015-06-29 17:01:40,070  WARN [ModalContext] - ScalaProject - Project example has platform default sourceLevel.
2015-06-29 17:01:40,070  WARN [ModalContext] - ScalaProject - Project example runs on platform default installation.
2015-06-29 17:01:40,806  WARN [ModalContext] - ScalaProject - Project example has platform default sourceLevel.
2015-06-29 17:01:40,807  WARN [ModalContext] - ScalaProject - Project example runs on platform default installation.
2015-06-29 17:20:33,571 ERROR [Text Viewer Hover Presenter] - IScalaPresentationCompiler$ - Ignoring InterruptException
2015-06-29 17:20:33,582 ERROR [Text Viewer Hover Presenter] - IScalaPresentationCompiler$ - Ignoring InterruptException
2015-06-29 17:20:33,583 ERROR [Text Viewer Hover Presenter] - IScalaPresentationCompiler$ - Ignoring InterruptException
2015-06-29 17:32:32,191  WARN [org.scalaide.ui.internal.reconciliation.ScalaReconciler] - TraverserImpl$ - Skipping annotation, position length = 0, position offset = 1698
2015-06-29 17:32:32,222  WARN [org.scalaide.ui.internal.reconciliation.ScalaReconciler] - TraverserImpl$ - Skipping annotation, position length = 0, position offset = 1698
2015-06-29 17:32:34,265  WARN [org.scalaide.ui.internal.reconciliation.ScalaReconciler] - TraverserImpl$ - Skipping annotation, position length = 0, position offset = 1699
2015-06-29 17:32:34,265  WARN [org.scalaide.ui.internal.reconciliation.ScalaReconciler] - TraverserImpl$ - Skipping annotation, position length = 0, position offset = 1699
